<?xml version="1.0" encoding="UTF-8"?>
<!-- Generated by org.testng.reporters.JUnitXMLReporter -->
<testsuite ignored="2" hostname="DESKTOP-PN5LUQS" failures="0" tests="2" name="Test" time="274.572" errors="0" timestamp="2020-09-25T18:14:07 IST">
  <testcase classname="TestCases.User_TC001" name="main" time="147.969"/>
  <testcase classname="TestCases.User_TC002" name="main" time="126.259"/>
  <testcase classname="Utils.SetUp" name="@BeforeSuite ReportSetup" time="0.0">
    <ignored/>
  </testcase> <!-- @BeforeSuite ReportSetup -->
  <testcase classname="Utils.SetUp" name="@AfterSuite CloseReport" time="0.0">
    <ignored/>
  </testcase> <!-- @AfterSuite CloseReport -->
</testsuite> <!-- Test -->
