<?xml version="1.0" encoding="UTF-8"?>
<!-- Generated by org.testng.reporters.JUnitXMLReporter -->
<testsuite ignored="0" hostname="administrator5" failures="1" tests="1" name="Test" time="13.419" errors="0" timestamp="2021-05-22T10:30:34 IST">
  <testcase classname="TestCases.DriverScript" name="main" time="13.389">
    <failure type="org.testng.TestNGException" message="
Cannot find class in classpath: TestCases.GlobalAdmin_ShipperContacts_TC001">
      <![CDATA[org.testng.TestNGException: 
Cannot find class in classpath: TestCases.GlobalAdmin_ShipperContacts_TC001
at TestCases.DriverScript.main(DriverScript.java:112)
at java.base/java.util.ArrayList.forEach(ArrayList.java:1541)
... Removed 31 stack frames]]>
    </failure>
  </testcase> <!-- main -->
</testsuite> <!-- Test -->
