<?xml version="1.0" encoding="UTF-8"?>
<testng-results ignored="0" total="1" passed="1" failed="0" skipped="0">
  <reporter-output>
  </reporter-output>
  <suite started-at="2020-09-25T18:09:29 IST" name="Default suite" finished-at="2020-09-25T18:14:08 IST" duration-ms="278810">
    <groups>
    </groups>
    <test started-at="2020-09-25T18:09:29 IST" name="Default test" finished-at="2020-09-25T18:14:08 IST" duration-ms="278810">
      <class name="TestCases.DriverScript">
        <test-method signature="main(java.lang.String, java.lang.String, java.lang.String, java.lang.String)[pri:0, instance:TestCases.DriverScript@76b1e9b8]" started-at="2020-09-25T18:09:29 IST" name="main" finished-at="2020-09-25T18:14:08 IST" duration-ms="278760" status="PASS">
          <params>
            <param index="0">
              <value>
                <![CDATA[Chrome]]>
              </value>
            </param>
            <param index="1">
              <value>
                <![CDATA[NA]]>
              </value>
            </param>
            <param index="2">
              <value>
                <![CDATA[Log]]>
              </value>
            </param>
            <param index="3">
              <value is-null="true"/>
            </param>
          </params>
          <reporter-output>
          </reporter-output>
        </test-method> <!-- main -->
      </class> <!-- TestCases.DriverScript -->
    </test> <!-- Default test -->
  </suite> <!-- Default suite -->
</testng-results>
